<?xml version="1.0" encoding="UTF-8"?>
<!-- Generated by org.testng.reporters.JUnitReportReporter -->
<testsuite hostname="Suneel" failures="0" tests="1" name="Day43.pack.C2" time="0.008" errors="0" timestamp="2024-04-22T16:22:41 IST" skipped="0">
  <testcase classname="Day43.pack.C2" name="xyz" time="0.008"/>
  <system-out/>
</testsuite> <!-- Day43.pack.C2 -->
