<?xml version="1.0" encoding="UTF-8"?>
<!-- Generated by org.testng.reporters.JUnitReportReporter -->
<testsuite hostname="Suneel" failures="0" tests="1" name="Day43.HardAssertions" time="0.008" errors="0" timestamp="2024-04-22T17:18:56 IST" skipped="0">
  <testcase classname="Day43.HardAssertions" name="test" time="0.008"/>
  <system-out/>
</testsuite> <!-- Day43.HardAssertions -->
