<?xml version="1.0" encoding="UTF-8"?>
<!-- Generated by org.testng.reporters.JUnitReportReporter -->
<testsuite hostname="Suneel" failures="0" tests="3" name="Day43.pack.SignupTests" time="0.009" errors="0" timestamp="2024-04-23T10:41:18 IST" skipped="0">
  <testcase classname="Day43.pack.SignupTests" name="signupByEmail" time="0.008"/>
  <system-out/>
  <testcase classname="Day43.pack.SignupTests" name="signupByFacebook" time="0.001"/>
  <system-out/>
  <testcase classname="Day43.pack.SignupTests" name="signupbyTwitter" time="0.000"/>
  <system-out/>
</testsuite> <!-- Day43.pack.SignupTests -->
