<?xml version="1.0" encoding="UTF-8"?>
<!-- Generated by org.testng.reporters.JUnitReportReporter -->
<testsuite hostname="Suneel" failures="0" tests="2" name="Day43.AnnotationsDemo2" time="0.006" errors="0" timestamp="2024-04-22T15:43:09 IST" skipped="0">
  <testcase classname="Day43.AnnotationsDemo2" name="search" time="0.005"/>
  <system-out/>
  <testcase classname="Day43.AnnotationsDemo2" name="advancesearch" time="0.001"/>
  <system-out/>
</testsuite> <!-- Day43.AnnotationsDemo2 -->
