<?xml version="1.0" encoding="UTF-8"?>
<!-- Generated by org.testng.reporters.JUnitReportReporter -->
<testsuite hostname="Suneel" failures="0" tests="2" name="Day44.PaymentTests" time="0.003" errors="0" timestamp="2024-04-23T11:30:39 IST" skipped="0">
  <testcase classname="Day44.PaymentTests" name="paymentinRupess" time="0.002"/>
  <system-out/>
  <testcase classname="Day44.PaymentTests" name="paymentDollars" time="0.001"/>
  <system-out/>
</testsuite> <!-- Day44.PaymentTests -->
