<?xml version="1.0" encoding="UTF-8"?>
<!-- Generated by org.testng.reporters.JUnitReportReporter -->
<testsuite hostname="Suneel" failures="0" tests="3" name="Day44.SignupTests" time="0.004" errors="0" timestamp="2024-04-23T11:30:39 IST" skipped="0">
  <testcase classname="Day44.SignupTests" name="signupByEmail" time="0.001"/>
  <system-out/>
  <testcase classname="Day44.SignupTests" name="signupByFacebook" time="0.001"/>
  <system-out/>
  <testcase classname="Day44.SignupTests" name="signupbyTwitter" time="0.002"/>
  <system-out/>
</testsuite> <!-- Day44.SignupTests -->
