<?xml version="1.0" encoding="UTF-8"?>
<!-- Generated by org.testng.reporters.JUnitReportReporter -->
<testsuite hostname="Suneel" failures="0" tests="3" name="Day42.FirstTestCase" time="0.010" errors="0" timestamp="2024-04-22T10:50:38 IST" skipped="0">
  <testcase classname="Day42.FirstTestCase" name="open" time="0.008"/>
  <system-out/>
  <testcase classname="Day42.FirstTestCase" name="logout" time="0.001"/>
  <system-out/>
  <testcase classname="Day42.FirstTestCase" name="login" time="0.001"/>
  <system-out/>
</testsuite> <!-- Day42.FirstTestCase -->
