<?xml version="1.0" encoding="UTF-8"?>
<!-- Generated by org.testng.reporters.JUnitReportReporter -->
<testsuite hostname="Suneel" failures="0" tests="2" name="Day43.AnnotationsDemo1" time="0.010" errors="0" timestamp="2024-04-22T15:36:26 IST" skipped="0">
  <testcase classname="Day43.AnnotationsDemo1" name="search" time="0.004"/>
  <system-out/>
  <testcase classname="Day43.AnnotationsDemo1" name="advancesearch" time="0.006"/>
  <system-out/>
</testsuite> <!-- Day43.AnnotationsDemo1 -->
