<?xml version="1.0" encoding="UTF-8"?>
<!-- Generated by org.testng.reporters.JUnitReportReporter -->
<testsuite hostname="Suneel" failures="0" tests="3" name="Day44.LoginTests" time="0.013" errors="0" timestamp="2024-04-23T11:30:39 IST" skipped="0">
  <testcase classname="Day44.LoginTests" name="loginByEmail" time="0.008"/>
  <system-out/>
  <testcase classname="Day44.LoginTests" name="loginByFacebook" time="0.003"/>
  <system-out/>
  <testcase classname="Day44.LoginTests" name="loginByTwitter" time="0.002"/>
  <system-out/>
</testsuite> <!-- Day44.LoginTests -->
