<?xml version="1.0" encoding="UTF-8"?>
<!-- Generated by org.testng.reporters.JUnitReportReporter -->
<testsuite hostname="Suneel" failures="0" tests="2" name="AnnotationsDemo1" time="0.014" errors="0" timestamp="2024-04-22T15:28:19 IST" skipped="0">
  <testcase classname="AnnotationsDemo1" name="search" time="0.012"/>
  <system-out/>
  <testcase classname="AnnotationsDemo1" name="advancesearch" time="0.002"/>
  <system-out/>
</testsuite> <!-- AnnotationsDemo1 -->
