<?xml version="1.0" encoding="UTF-8"?>
<!-- Generated by org.testng.reporters.JUnitReportReporter -->
<testsuite hostname="Suneel" failures="0" tests="4" name="Day42.OrangeHRMTest" time="12.604" errors="0" timestamp="2024-04-22T10:50:38 IST" skipped="0">
  <testcase classname="Day42.OrangeHRMTest" name="openapp" time="6.768"/>
  <system-out/>
  <testcase classname="Day42.OrangeHRMTest" name="testlogo" time="5.096"/>
  <system-out/>
  <testcase classname="Day42.OrangeHRMTest" name="testlogin" time="0.510"/>
  <system-out/>
  <testcase classname="Day42.OrangeHRMTest" name="closeapp" time="0.230"/>
  <system-out/>
</testsuite> <!-- Day42.OrangeHRMTest -->
