<?xml version="1.0" encoding="UTF-8"?>
<!-- Generated by org.testng.reporters.JUnitReportReporter -->
<testsuite hostname="Suneel" failures="0" tests="1" name="Day43.pack.C1" time="0.004" errors="0" timestamp="2024-04-22T16:21:56 IST" skipped="0">
  <testcase classname="Day43.pack.C1" name="abc" time="0.004"/>
  <system-out/>
</testsuite> <!-- Day43.pack.C1 -->
