<?xml version="1.0" encoding="UTF-8"?>
<!-- Generated by org.testng.reporters.JUnitReportReporter -->
<testsuite hostname="Suneel" failures="0" tests="2" name="Day43.AllAnnotations" time="0.007" errors="0" timestamp="2024-04-22T17:00:22 IST" skipped="0">
  <testcase classname="Day43.AllAnnotations" name="tm1" time="0.004"/>
  <system-out/>
  <testcase classname="Day43.AllAnnotations" name="tm2" time="0.003"/>
  <system-out/>
</testsuite> <!-- Day43.AllAnnotations -->
