<?xml version="1.0" encoding="UTF-8"?>
<!-- Generated by org.testng.reporters.JUnitReportReporter -->
<testsuite hostname="Suneel" failures="0" tests="9" name="Day45.ParamTest" time="0.246" errors="0" timestamp="2024-04-24T12:21:03 IST" skipped="0">
  <testcase classname="Day45.ParamTest" name="testLogo" time="0.059"/>
  <system-out/>
  <testcase classname="Day45.ParamTest" name="testLogo" time="0.047"/>
  <system-out/>
  <testcase classname="Day45.ParamTest" name="testLogo" time="0.067"/>
  <system-out/>
  <testcase classname="Day45.ParamTest" name="testTitle" time="0.013"/>
  <system-out/>
  <testcase classname="Day45.ParamTest" name="testTitle" time="0.014"/>
  <system-out/>
  <testcase classname="Day45.ParamTest" name="testTitle" time="0.011"/>
  <system-out/>
  <testcase classname="Day45.ParamTest" name="testURL" time="0.012"/>
  <system-out/>
  <testcase classname="Day45.ParamTest" name="testURL" time="0.014"/>
  <system-out/>
  <testcase classname="Day45.ParamTest" name="testURL" time="0.009"/>
  <system-out/>
</testsuite> <!-- Day45.ParamTest -->
