<?xml version="1.0" encoding="UTF-8"?>
<!-- Generated by org.testng.reporters.JUnitReportReporter -->
<testsuite hostname="Suneel" failures="0" tests="1" name="Day47.LoginTest" time="2.259" errors="0" timestamp="2024-04-26T10:37:19 IST" skipped="0">
  <testcase classname="Day47.LoginTest" name="testLogin" time="2.259"/>
  <system-out/>
</testsuite> <!-- Day47.LoginTest -->
